mode: set
github.com/claygod/coffer/helper.go:48.71,49.56 1 1
github.com/claygod/coffer/helper.go:52.2,52.27 1 1
github.com/claygod/coffer/helper.go:61.2,61.22 1 1
github.com/claygod/coffer/helper.go:49.56,51.3 1 1
github.com/claygod/coffer/helper.go:52.27,54.48 2 1
github.com/claygod/coffer/helper.go:57.3,57.14 1 1
github.com/claygod/coffer/helper.go:54.48,56.4 1 1
github.com/claygod/coffer/helper.go:57.14,59.4 1 0
github.com/claygod/coffer/helper.go:64.71,66.28 2 1
github.com/claygod/coffer/helper.go:69.2,69.13 1 1
github.com/claygod/coffer/helper.go:66.28,68.3 1 1
github.com/claygod/coffer/actions.go:17.66,19.2 1 1
github.com/claygod/coffer/actions.go:29.69,32.19 2 1
github.com/claygod/coffer/actions.go:37.2,39.30 2 1
github.com/claygod/coffer/actions.go:47.2,48.62 2 1
github.com/claygod/coffer/actions.go:55.2,62.29 5 1
github.com/claygod/coffer/actions.go:65.2,65.12 1 1
github.com/claygod/coffer/actions.go:32.19,36.3 3 1
github.com/claygod/coffer/actions.go:39.30,40.68 1 1
github.com/claygod/coffer/actions.go:40.68,44.4 3 1
github.com/claygod/coffer/actions.go:48.62,53.3 3 1
github.com/claygod/coffer/actions.go:62.29,64.3 1 0
github.com/claygod/coffer/actions.go:68.55,74.28 4 1
github.com/claygod/coffer/actions.go:79.2,79.12 1 1
github.com/claygod/coffer/actions.go:74.28,75.37 1 1
github.com/claygod/coffer/actions.go:75.37,77.4 1 1
github.com/claygod/coffer/actions.go:91.66,94.19 2 1
github.com/claygod/coffer/actions.go:99.2,101.62 2 1
github.com/claygod/coffer/actions.go:107.2,114.29 5 1
github.com/claygod/coffer/actions.go:117.2,117.12 1 1
github.com/claygod/coffer/actions.go:94.19,98.3 3 1
github.com/claygod/coffer/actions.go:101.62,105.3 3 1
github.com/claygod/coffer/actions.go:114.29,116.3 1 0
github.com/claygod/coffer/actions.go:120.53,128.2 2 1
github.com/claygod/coffer/actions.go:138.76,140.2 1 1
github.com/claygod/coffer/actions.go:142.78,144.2 1 1
github.com/claygod/coffer/actions.go:146.87,149.19 2 1
github.com/claygod/coffer/actions.go:154.2,156.62 2 1
github.com/claygod/coffer/actions.go:162.2,169.29 5 0
github.com/claygod/coffer/actions.go:172.2,172.12 1 0
github.com/claygod/coffer/actions.go:149.19,153.3 3 0
github.com/claygod/coffer/actions.go:156.62,160.3 3 1
github.com/claygod/coffer/actions.go:169.29,171.3 1 0
github.com/claygod/coffer/actions.go:183.98,186.19 2 1
github.com/claygod/coffer/actions.go:191.2,193.62 2 1
github.com/claygod/coffer/actions.go:199.2,209.29 5 1
github.com/claygod/coffer/actions.go:212.2,212.12 1 1
github.com/claygod/coffer/actions.go:186.19,190.3 3 1
github.com/claygod/coffer/actions.go:193.62,197.3 3 1
github.com/claygod/coffer/actions.go:209.29,211.3 1 0
github.com/claygod/coffer/actions.go:215.54,218.19 2 1
github.com/claygod/coffer/actions.go:223.2,226.29 3 1
github.com/claygod/coffer/actions.go:229.2,229.12 1 1
github.com/claygod/coffer/actions.go:218.19,222.3 3 0
github.com/claygod/coffer/actions.go:226.29,228.3 1 0
github.com/claygod/coffer/coffer.go:35.82,38.16 2 1
github.com/claygod/coffer/coffer.go:41.2,41.17 1 1
github.com/claygod/coffer/coffer.go:45.2,54.31 2 1
github.com/claygod/coffer/coffer.go:58.2,67.16 9 1
github.com/claygod/coffer/coffer.go:70.2,86.16 2 1
github.com/claygod/coffer/coffer.go:89.2,101.16 3 1
github.com/claygod/coffer/coffer.go:104.2,107.20 2 1
github.com/claygod/coffer/coffer.go:38.16,40.3 1 1
github.com/claygod/coffer/coffer.go:41.17,43.3 1 0
github.com/claygod/coffer/coffer.go:54.31,56.3 1 0
github.com/claygod/coffer/coffer.go:67.16,69.3 1 0
github.com/claygod/coffer/coffer.go:86.16,88.3 1 1
github.com/claygod/coffer/coffer.go:101.16,103.3 1 0
github.com/claygod/coffer/coffer.go:110.31,142.2 5 1
github.com/claygod/coffer/coffer.go:144.30,145.22 1 1
github.com/claygod/coffer/coffer.go:150.2,150.21 1 1
github.com/claygod/coffer/coffer.go:153.2,171.13 5 1
github.com/claygod/coffer/coffer.go:145.22,147.3 1 1
github.com/claygod/coffer/coffer.go:150.21,152.3 1 0
github.com/claygod/coffer/coffer.go:174.35,193.2 5 1
github.com/claygod/coffer/coffer.go:206.31,207.15 1 1
github.com/claygod/coffer/coffer.go:210.2,210.16 1 1
github.com/claygod/coffer/coffer.go:213.2,213.12 1 1
github.com/claygod/coffer/coffer.go:207.15,209.3 1 0
github.com/claygod/coffer/coffer.go:210.16,212.3 1 0
github.com/claygod/coffer/db.go:23.39,59.2 7 1
github.com/claygod/coffer/db.go:61.57,63.2 1 1
github.com/claygod/coffer/db.go:65.81,68.2 2 1
github.com/claygod/coffer/db.go:69.80,70.31 1 1
github.com/claygod/coffer/db.go:73.2,73.10 1 1
github.com/claygod/coffer/db.go:70.31,72.3 1 1
github.com/claygod/coffer/db.go:76.59,79.2 2 1
github.com/claygod/coffer/db.go:80.72,83.2 2 1
github.com/claygod/coffer/db.go:84.71,87.2 2 1
github.com/claygod/coffer/db.go:88.66,91.2 2 1
github.com/claygod/coffer/db.go:92.74,95.2 2 1
github.com/claygod/coffer/db.go:96.62,99.2 2 1
github.com/claygod/coffer/db.go:100.64,103.2 2 1
github.com/claygod/coffer/db.go:104.67,107.2 2 1
github.com/claygod/coffer/db.go:108.61,111.2 2 1
github.com/claygod/coffer/db.go:112.59,115.2 2 1
github.com/claygod/coffer/db.go:116.69,119.2 2 1
